[33mWARNING[0m:  [24-02-2025 18:16:04] chroma_server_nofile is not supported on Windows. chroma_server_nofile will not be set.
[32mINFO[0m:     [24-02-2025 18:16:04] Anonymized telemetry enabled. See                     https://docs.trychroma.com/telemetry for more information.
[36mDEBUG[0m:    [24-02-2025 18:16:04] Starting component System
[36mDEBUG[0m:    [24-02-2025 18:16:04] Starting component OpenTelemetryClient
[36mDEBUG[0m:    [24-02-2025 18:16:04] Starting component SqliteDB
[36mDEBUG[0m:    [24-02-2025 18:16:05] Starting component SimpleQuotaEnforcer
[36mDEBUG[0m:    [24-02-2025 18:16:05] Starting component Posthog
[36mDEBUG[0m:    [24-02-2025 18:16:05] Starting component SimpleRateLimitEnforcer
[36mDEBUG[0m:    [24-02-2025 18:16:05] Starting component LocalSegmentManager
[36mDEBUG[0m:    [24-02-2025 18:16:05] Starting component LocalExecutor
[36mDEBUG[0m:    [24-02-2025 18:16:05] Starting component SegmentAPI
[36mDEBUG[0m:    [24-02-2025 18:16:05] Starting component SimpleAsyncRateLimitEnforcer
[32mINFO[0m:     [24-02-2025 18:16:05] Started server process [[36m10524[0m]
[32mINFO[0m:     [24-02-2025 18:16:05] Waiting for application startup.
[32mINFO[0m:     [24-02-2025 18:16:05] Application startup complete.
[31mERROR[0m:    [24-02-2025 18:16:05] [Errno 10048] error while attempting to bind on address ('127.0.0.1', 8000): [winerror 10048] °¢ ¼ÒÄÏ ÁÖ¼Ò(ÇÁ·ÎÅäÄÝ/³×Æ®¿öÅ© ÁÖ¼Ò/Æ÷Æ®)´Â ÇÏ³ª¸¸ »ç¿ëÇÒ ¼ö ÀÖ½À´Ï´Ù
[32mINFO[0m:     [24-02-2025 18:16:05] Waiting for application shutdown.
[36mDEBUG[0m:    [24-02-2025 18:16:05] Stopping component System
[36mDEBUG[0m:    [24-02-2025 18:16:05] Stopping component SegmentAPI
[36mDEBUG[0m:    [24-02-2025 18:16:05] Stopping component LocalExecutor
[36mDEBUG[0m:    [24-02-2025 18:16:05] Stopping component LocalSegmentManager
[36mDEBUG[0m:    [24-02-2025 18:16:05] Stopping component SimpleAsyncRateLimitEnforcer
[36mDEBUG[0m:    [24-02-2025 18:16:05] Stopping component SimpleRateLimitEnforcer
[36mDEBUG[0m:    [24-02-2025 18:16:05] Stopping component Posthog
[36mDEBUG[0m:    [24-02-2025 18:16:05] Stopping component SimpleQuotaEnforcer
[36mDEBUG[0m:    [24-02-2025 18:16:05] Stopping component SqliteDB
[36mDEBUG[0m:    [24-02-2025 18:16:05] Stopping component OpenTelemetryClient
[32mINFO[0m:     [24-02-2025 18:16:05] Application shutdown complete.
[33mWARNING[0m:  [24-02-2025 18:16:23] chroma_server_nofile is not supported on Windows. chroma_server_nofile will not be set.
[32mINFO[0m:     [24-02-2025 18:16:23] Anonymized telemetry enabled. See                     https://docs.trychroma.com/telemetry for more information.
[36mDEBUG[0m:    [24-02-2025 18:16:23] Starting component System
[36mDEBUG[0m:    [24-02-2025 18:16:23] Starting component OpenTelemetryClient
[36mDEBUG[0m:    [24-02-2025 18:16:23] Starting component SqliteDB
[36mDEBUG[0m:    [24-02-2025 18:16:23] Starting component SimpleQuotaEnforcer
[36mDEBUG[0m:    [24-02-2025 18:16:23] Starting component Posthog
[36mDEBUG[0m:    [24-02-2025 18:16:23] Starting component SimpleRateLimitEnforcer
[36mDEBUG[0m:    [24-02-2025 18:16:23] Starting component LocalSegmentManager
[36mDEBUG[0m:    [24-02-2025 18:16:23] Starting component LocalExecutor
[36mDEBUG[0m:    [24-02-2025 18:16:23] Starting component SegmentAPI
[36mDEBUG[0m:    [24-02-2025 18:16:23] Starting component SimpleAsyncRateLimitEnforcer
[32mINFO[0m:     [24-02-2025 18:16:23] Started server process [[36m1648[0m]
[32mINFO[0m:     [24-02-2025 18:16:23] Waiting for application startup.
[32mINFO[0m:     [24-02-2025 18:16:23] Application startup complete.
[32mINFO[0m:     [24-02-2025 18:16:23] Uvicorn running on [1mhttp://localhost:8001[0m (Press CTRL+C to quit)
[32mINFO[0m:     [24-02-2025 18:16:53] ::1:50237 - "GET /api/v1 HTTP/1.1" 200
[32mINFO[0m:     [24-02-2025 18:16:53] ::1:50237 - "GET /favicon.ico HTTP/1.1" 404
[32mINFO[0m:     [24-02-2025 18:18:58] Shutting down
[32mINFO[0m:     [24-02-2025 18:18:58] Waiting for application shutdown.
[36mDEBUG[0m:    [24-02-2025 18:18:58] Stopping component System
[36mDEBUG[0m:    [24-02-2025 18:18:58] Stopping component SegmentAPI
[36mDEBUG[0m:    [24-02-2025 18:18:58] Stopping component LocalExecutor
[36mDEBUG[0m:    [24-02-2025 18:18:58] Stopping component LocalSegmentManager
[36mDEBUG[0m:    [24-02-2025 18:18:58] Stopping component SimpleAsyncRateLimitEnforcer
[36mDEBUG[0m:    [24-02-2025 18:18:58] Stopping component SimpleRateLimitEnforcer
[36mDEBUG[0m:    [24-02-2025 18:18:58] Stopping component Posthog
[36mDEBUG[0m:    [24-02-2025 18:18:58] Stopping component SimpleQuotaEnforcer
[36mDEBUG[0m:    [24-02-2025 18:18:58] Stopping component SqliteDB
[36mDEBUG[0m:    [24-02-2025 18:18:58] Stopping component OpenTelemetryClient
[32mINFO[0m:     [24-02-2025 18:18:58] Application shutdown complete.
[32mINFO[0m:     [24-02-2025 18:18:58] Finished server process [[36m1648[0m]
[33mWARNING[0m:  [24-02-2025 18:19:48] chroma_server_nofile is not supported on Windows. chroma_server_nofile will not be set.
[32mINFO[0m:     [24-02-2025 18:19:48] Anonymized telemetry enabled. See                     https://docs.trychroma.com/telemetry for more information.
[36mDEBUG[0m:    [24-02-2025 18:19:48] Starting component System
[36mDEBUG[0m:    [24-02-2025 18:19:48] Starting component OpenTelemetryClient
[36mDEBUG[0m:    [24-02-2025 18:19:48] Starting component SqliteDB
[36mDEBUG[0m:    [24-02-2025 18:19:48] Starting component SimpleQuotaEnforcer
[36mDEBUG[0m:    [24-02-2025 18:19:48] Starting component Posthog
[36mDEBUG[0m:    [24-02-2025 18:19:48] Starting component SimpleRateLimitEnforcer
[36mDEBUG[0m:    [24-02-2025 18:19:48] Starting component LocalSegmentManager
[36mDEBUG[0m:    [24-02-2025 18:19:48] Starting component LocalExecutor
[36mDEBUG[0m:    [24-02-2025 18:19:48] Starting component SegmentAPI
[36mDEBUG[0m:    [24-02-2025 18:19:48] Starting component SimpleAsyncRateLimitEnforcer
[32mINFO[0m:     [24-02-2025 18:19:48] Started server process [[36m27540[0m]
[32mINFO[0m:     [24-02-2025 18:19:48] Waiting for application startup.
[32mINFO[0m:     [24-02-2025 18:19:48] Application startup complete.
[32mINFO[0m:     [24-02-2025 18:19:48] Uvicorn running on [1mhttp://localhost:8001[0m (Press CTRL+C to quit)
[32mINFO[0m:     [24-02-2025 18:19:58] Shutting down
[32mINFO[0m:     [24-02-2025 18:19:58] Waiting for application shutdown.
[36mDEBUG[0m:    [24-02-2025 18:19:58] Stopping component System
[36mDEBUG[0m:    [24-02-2025 18:19:58] Stopping component SegmentAPI
[36mDEBUG[0m:    [24-02-2025 18:19:58] Stopping component LocalExecutor
[36mDEBUG[0m:    [24-02-2025 18:19:58] Stopping component LocalSegmentManager
[36mDEBUG[0m:    [24-02-2025 18:19:58] Stopping component SimpleAsyncRateLimitEnforcer
[36mDEBUG[0m:    [24-02-2025 18:19:58] Stopping component SimpleRateLimitEnforcer
[36mDEBUG[0m:    [24-02-2025 18:19:58] Stopping component Posthog
[36mDEBUG[0m:    [24-02-2025 18:19:58] Stopping component SimpleQuotaEnforcer
[36mDEBUG[0m:    [24-02-2025 18:19:58] Stopping component SqliteDB
[36mDEBUG[0m:    [24-02-2025 18:19:58] Stopping component OpenTelemetryClient
[32mINFO[0m:     [24-02-2025 18:19:58] Application shutdown complete.
[32mINFO[0m:     [24-02-2025 18:19:58] Finished server process [[36m27540[0m]
[33mWARNING[0m:  [24-02-2025 18:25:46] chroma_server_nofile is not supported on Windows. chroma_server_nofile will not be set.
[32mINFO[0m:     [24-02-2025 18:25:46] Anonymized telemetry enabled. See                     https://docs.trychroma.com/telemetry for more information.
[36mDEBUG[0m:    [24-02-2025 18:25:46] Starting component System
[36mDEBUG[0m:    [24-02-2025 18:25:46] Starting component OpenTelemetryClient
[36mDEBUG[0m:    [24-02-2025 18:25:46] Starting component SqliteDB
[36mDEBUG[0m:    [24-02-2025 18:25:46] Starting component SimpleQuotaEnforcer
[36mDEBUG[0m:    [24-02-2025 18:25:46] Starting component Posthog
[36mDEBUG[0m:    [24-02-2025 18:25:46] Starting component SimpleRateLimitEnforcer
[36mDEBUG[0m:    [24-02-2025 18:25:46] Starting component LocalSegmentManager
[36mDEBUG[0m:    [24-02-2025 18:25:46] Starting component LocalExecutor
[36mDEBUG[0m:    [24-02-2025 18:25:46] Starting component SegmentAPI
[36mDEBUG[0m:    [24-02-2025 18:25:46] Starting component SimpleAsyncRateLimitEnforcer
[32mINFO[0m:     [24-02-2025 18:25:46] Started server process [[36m5548[0m]
[32mINFO[0m:     [24-02-2025 18:25:46] Waiting for application startup.
[32mINFO[0m:     [24-02-2025 18:25:46] Application startup complete.
[32mINFO[0m:     [24-02-2025 18:25:46] Uvicorn running on [1mhttp://localhost:8001[0m (Press CTRL+C to quit)
[32mINFO[0m:     [24-02-2025 18:25:48] ::1:50412 - "GET /api/v1 HTTP/1.1" 200
[32mINFO[0m:     [24-02-2025 18:25:50] ::1:50412 - "GET /api/v1 HTTP/1.1" 200
[32mINFO[0m:     [24-02-2025 18:25:58] ::1:50427 - "GET /api/v2/auth/identity HTTP/1.1" 200
[32mINFO[0m:     [24-02-2025 18:25:58] ::1:50428 - "GET /api/v2/tenants/default_tenant HTTP/1.1" 200
[32mINFO[0m:     [24-02-2025 18:25:58] ::1:50428 - "GET /api/v2/tenants/default_tenant/databases/default_database HTTP/1.1" 200
[32mINFO[0m:     [24-02-2025 18:26:48] Shutting down
[32mINFO[0m:     [24-02-2025 18:26:48] Waiting for application shutdown.
[36mDEBUG[0m:    [24-02-2025 18:26:48] Stopping component System
[36mDEBUG[0m:    [24-02-2025 18:26:48] Stopping component SegmentAPI
[36mDEBUG[0m:    [24-02-2025 18:26:48] Stopping component LocalExecutor
[36mDEBUG[0m:    [24-02-2025 18:26:48] Stopping component LocalSegmentManager
[36mDEBUG[0m:    [24-02-2025 18:26:48] Stopping component SimpleAsyncRateLimitEnforcer
[36mDEBUG[0m:    [24-02-2025 18:26:48] Stopping component SimpleRateLimitEnforcer
[36mDEBUG[0m:    [24-02-2025 18:26:48] Stopping component Posthog
[36mDEBUG[0m:    [24-02-2025 18:26:48] Stopping component SimpleQuotaEnforcer
[36mDEBUG[0m:    [24-02-2025 18:26:48] Stopping component SqliteDB
[36mDEBUG[0m:    [24-02-2025 18:26:48] Stopping component OpenTelemetryClient
[32mINFO[0m:     [24-02-2025 18:26:48] Application shutdown complete.
[32mINFO[0m:     [24-02-2025 18:26:48] Finished server process [[36m5548[0m]
[33mWARNING[0m:  [24-02-2025 18:27:15] chroma_server_nofile is not supported on Windows. chroma_server_nofile will not be set.
[32mINFO[0m:     [24-02-2025 18:27:15] Anonymized telemetry enabled. See                     https://docs.trychroma.com/telemetry for more information.
[36mDEBUG[0m:    [24-02-2025 18:27:15] Starting component System
[36mDEBUG[0m:    [24-02-2025 18:27:15] Starting component OpenTelemetryClient
[36mDEBUG[0m:    [24-02-2025 18:27:15] Starting component SqliteDB
[36mDEBUG[0m:    [24-02-2025 18:27:15] Starting component SimpleQuotaEnforcer
[36mDEBUG[0m:    [24-02-2025 18:27:15] Starting component Posthog
[36mDEBUG[0m:    [24-02-2025 18:27:15] Starting component SimpleRateLimitEnforcer
[36mDEBUG[0m:    [24-02-2025 18:27:15] Starting component LocalSegmentManager
[36mDEBUG[0m:    [24-02-2025 18:27:15] Starting component LocalExecutor
[36mDEBUG[0m:    [24-02-2025 18:27:15] Starting component SegmentAPI
[36mDEBUG[0m:    [24-02-2025 18:27:15] Starting component SimpleAsyncRateLimitEnforcer
[32mINFO[0m:     [24-02-2025 18:27:15] Started server process [[36m16428[0m]
[32mINFO[0m:     [24-02-2025 18:27:15] Waiting for application startup.
[32mINFO[0m:     [24-02-2025 18:27:15] Application startup complete.
[32mINFO[0m:     [24-02-2025 18:27:15] Uvicorn running on [1mhttp://localhost:8001[0m (Press CTRL+C to quit)
[32mINFO[0m:     [24-02-2025 18:27:22] ::1:50466 - "GET /api/v2/auth/identity HTTP/1.1" 200
[32mINFO[0m:     [24-02-2025 18:27:22] ::1:50467 - "GET /api/v2/tenants/default_tenant HTTP/1.1" 200
[32mINFO[0m:     [24-02-2025 18:27:22] ::1:50467 - "GET /api/v2/tenants/default_tenant/databases/default_database HTTP/1.1" 200
[32mINFO[0m:     [24-02-2025 18:27:46] ::1:50495 - "GET /api/v2/auth/identity HTTP/1.1" 200
[32mINFO[0m:     [24-02-2025 18:27:46] ::1:50496 - "GET /api/v2/tenants/default_tenant HTTP/1.1" 200
[32mINFO[0m:     [24-02-2025 18:27:46] ::1:50496 - "GET /api/v2/tenants/default_tenant/databases/default_database HTTP/1.1" 200
[32mINFO[0m:     [24-02-2025 18:28:26] ::1:50513 - "GET /api/v2/auth/identity HTTP/1.1" 200
[32mINFO[0m:     [24-02-2025 18:28:26] ::1:50514 - "GET /api/v2/tenants/default_tenant HTTP/1.1" 200
[32mINFO[0m:     [24-02-2025 18:28:26] ::1:50514 - "GET /api/v2/tenants/default_tenant/databases/default_database HTTP/1.1" 200
[32mINFO[0m:     [24-02-2025 18:28:34] ::1:50519 - "POST /api/v2/tenants/default_tenant/databases/default_database/collections HTTP/1.1" 200
[32mINFO[0m:     [24-02-2025 18:28:36] ::1:50519 - "GET /api/v2/pre-flight-checks HTTP/1.1" 200
[36mDEBUG[0m:    [24-02-2025 18:28:36] Starting component PersistentLocalHnswSegment
[32mINFO[0m:     [24-02-2025 18:28:36] ::1:50519 - "POST /api/v2/tenants/default_tenant/databases/default_database/collections/be709486-791d-401d-86f4-7a91f6f1dd8f/upsert HTTP/1.1" 200
[32mINFO[0m:     [24-02-2025 18:31:28] ::1:50546 - "GET /api/v2/auth/identity HTTP/1.1" 200
[32mINFO[0m:     [24-02-2025 18:31:28] ::1:50547 - "GET /api/v2/tenants/default_tenant HTTP/1.1" 200
[32mINFO[0m:     [24-02-2025 18:31:28] ::1:50547 - "GET /api/v2/tenants/default_tenant/databases/default_database HTTP/1.1" 200
[32mINFO[0m:     [24-02-2025 18:39:53] ::1:50638 - "GET /api/v2/auth/identity HTTP/1.1" 200
[32mINFO[0m:     [24-02-2025 18:39:53] ::1:50639 - "GET /api/v2/tenants/default_tenant HTTP/1.1" 200
[32mINFO[0m:     [24-02-2025 18:39:53] ::1:50639 - "GET /api/v2/tenants/default_tenant/databases/default_database HTTP/1.1" 200
[32mINFO[0m:     [24-02-2025 18:42:40] ::1:50687 - "GET /api/v2/auth/identity HTTP/1.1" 200
[32mINFO[0m:     [24-02-2025 18:42:40] ::1:50688 - "GET /api/v2/tenants/default_tenant HTTP/1.1" 200
[32mINFO[0m:     [24-02-2025 18:42:40] ::1:50688 - "GET /api/v2/tenants/default_tenant/databases/default_database HTTP/1.1" 200
[33mWARNING[0m:  [24-02-2025 18:43:45] chroma_server_nofile is not supported on Windows. chroma_server_nofile will not be set.
[32mINFO[0m:     [24-02-2025 18:43:45] Anonymized telemetry enabled. See                     https://docs.trychroma.com/telemetry for more information.
[36mDEBUG[0m:    [24-02-2025 18:43:45] Starting component System
[36mDEBUG[0m:    [24-02-2025 18:43:45] Starting component OpenTelemetryClient
[36mDEBUG[0m:    [24-02-2025 18:43:45] Starting component SqliteDB
[36mDEBUG[0m:    [24-02-2025 18:43:45] Starting component SimpleQuotaEnforcer
[36mDEBUG[0m:    [24-02-2025 18:43:45] Starting component Posthog
[36mDEBUG[0m:    [24-02-2025 18:43:45] Starting component SimpleRateLimitEnforcer
[36mDEBUG[0m:    [24-02-2025 18:43:45] Starting component LocalSegmentManager
[36mDEBUG[0m:    [24-02-2025 18:43:45] Starting component LocalExecutor
[36mDEBUG[0m:    [24-02-2025 18:43:45] Starting component SegmentAPI
[36mDEBUG[0m:    [24-02-2025 18:43:45] Starting component SimpleAsyncRateLimitEnforcer
[32mINFO[0m:     [24-02-2025 18:43:46] Started server process [[36m16408[0m]
[32mINFO[0m:     [24-02-2025 18:43:46] Waiting for application startup.
[32mINFO[0m:     [24-02-2025 18:43:46] Application startup complete.
[32mINFO[0m:     [24-02-2025 18:43:46] Uvicorn running on [1mhttp://localhost:8001[0m (Press CTRL+C to quit)
[32mINFO[0m:     [24-02-2025 18:47:51] ::1:50885 - "GET /api/v2/auth/identity HTTP/1.1" 200
[32mINFO[0m:     [24-02-2025 18:47:52] ::1:50886 - "GET /api/v2/tenants/default_tenant HTTP/1.1" 200
[32mINFO[0m:     [24-02-2025 18:47:52] ::1:50886 - "GET /api/v2/tenants/default_tenant/databases/default_database HTTP/1.1" 200
[32mINFO[0m:     [24-02-2025 18:49:10] ::1:50929 - "GET /api/v2/auth/identity HTTP/1.1" 200
[32mINFO[0m:     [24-02-2025 18:49:10] ::1:50930 - "GET /api/v2/tenants/default_tenant HTTP/1.1" 200
[32mINFO[0m:     [24-02-2025 18:49:10] ::1:50930 - "GET /api/v2/tenants/default_tenant/databases/default_database HTTP/1.1" 200
[32mINFO[0m:     [24-02-2025 18:54:17] ::1:51023 - "GET /api/v2/auth/identity HTTP/1.1" 200
[32mINFO[0m:     [24-02-2025 18:54:17] ::1:51024 - "GET /api/v2/tenants/default_tenant HTTP/1.1" 200
[32mINFO[0m:     [24-02-2025 18:54:17] ::1:51024 - "GET /api/v2/tenants/default_tenant/databases/default_database HTTP/1.1" 200
[32mINFO[0m:     [24-02-2025 18:55:00] ::1:51042 - "GET /api/v2/auth/identity HTTP/1.1" 200
[32mINFO[0m:     [24-02-2025 18:55:00] ::1:51043 - "GET /api/v2/tenants/default_tenant HTTP/1.1" 200
[32mINFO[0m:     [24-02-2025 18:55:00] ::1:51043 - "GET /api/v2/tenants/default_tenant/databases/default_database HTTP/1.1" 200
[33mWARNING[0m:  [24-02-2025 18:57:42] chroma_server_nofile is not supported on Windows. chroma_server_nofile will not be set.
[32mINFO[0m:     [24-02-2025 18:57:43] Anonymized telemetry enabled. See                     https://docs.trychroma.com/telemetry for more information.
[36mDEBUG[0m:    [24-02-2025 18:57:43] Starting component System
[36mDEBUG[0m:    [24-02-2025 18:57:43] Starting component OpenTelemetryClient
[36mDEBUG[0m:    [24-02-2025 18:57:43] Starting component SqliteDB
[36mDEBUG[0m:    [24-02-2025 18:57:43] Starting component SimpleQuotaEnforcer
[36mDEBUG[0m:    [24-02-2025 18:57:43] Starting component Posthog
[36mDEBUG[0m:    [24-02-2025 18:57:43] Starting component SimpleRateLimitEnforcer
[36mDEBUG[0m:    [24-02-2025 18:57:43] Starting component LocalSegmentManager
[36mDEBUG[0m:    [24-02-2025 18:57:43] Starting component LocalExecutor
[36mDEBUG[0m:    [24-02-2025 18:57:43] Starting component SegmentAPI
[36mDEBUG[0m:    [24-02-2025 18:57:43] Starting component SimpleAsyncRateLimitEnforcer
[32mINFO[0m:     [24-02-2025 18:57:43] Started server process [[36m14124[0m]
[32mINFO[0m:     [24-02-2025 18:57:43] Waiting for application startup.
[32mINFO[0m:     [24-02-2025 18:57:43] Application startup complete.
[32mINFO[0m:     [24-02-2025 18:57:43] Uvicorn running on [1mhttp://localhost:8001[0m (Press CTRL+C to quit)
[32mINFO[0m:     [24-02-2025 18:57:53] ::1:51149 - "GET /api/v2/auth/identity HTTP/1.1" 200
[32mINFO[0m:     [24-02-2025 18:57:53] ::1:51152 - "GET /api/v2/tenants/default_tenant HTTP/1.1" 200
[32mINFO[0m:     [24-02-2025 18:57:53] ::1:51152 - "GET /api/v2/tenants/default_tenant/databases/default_database HTTP/1.1" 200
[32mINFO[0m:     [24-02-2025 19:01:19] ::1:51222 - "GET /api/v2/auth/identity HTTP/1.1" 200
[32mINFO[0m:     [24-02-2025 19:01:19] ::1:51223 - "GET /api/v2/tenants/default_tenant HTTP/1.1" 200
[32mINFO[0m:     [24-02-2025 19:01:19] ::1:51223 - "GET /api/v2/tenants/default_tenant/databases/default_database HTTP/1.1" 200
[32mINFO[0m:     [24-02-2025 19:01:27] ::1:51228 - "GET /api/v2/auth/identity HTTP/1.1" 200
[32mINFO[0m:     [24-02-2025 19:01:27] ::1:51229 - "GET /api/v2/tenants/default_tenant HTTP/1.1" 200
[32mINFO[0m:     [24-02-2025 19:01:27] ::1:51229 - "GET /api/v2/tenants/default_tenant/databases/default_database HTTP/1.1" 200
[36mDEBUG[0m:    [24-02-2025 19:01:49] Collection uploaded_documents already exists, returning existing collection.
[32mINFO[0m:     [24-02-2025 19:01:49] ::1:51250 - "POST /api/v2/tenants/default_tenant/databases/default_database/collections HTTP/1.1" 200
[36mDEBUG[0m:    [24-02-2025 19:01:49] Starting component PersistentLocalHnswSegment
[33mWARNING[0m:  [24-02-2025 19:01:49] Number of requested results 3 is greater than number of elements in index 1, updating n_results = 1
[32mINFO[0m:     [24-02-2025 19:01:49] ::1:51250 - "POST /api/v2/tenants/default_tenant/databases/default_database/collections/be709486-791d-401d-86f4-7a91f6f1dd8f/query HTTP/1.1" 200
[32mINFO[0m:     [24-02-2025 19:27:10] ::1:51430 - "GET /api/v2/auth/identity HTTP/1.1" 200
[32mINFO[0m:     [24-02-2025 19:27:10] ::1:51431 - "GET /api/v2/tenants/default_tenant HTTP/1.1" 200
[32mINFO[0m:     [24-02-2025 19:27:10] ::1:51431 - "GET /api/v2/tenants/default_tenant/databases/default_database HTTP/1.1" 200
[36mDEBUG[0m:    [24-02-2025 19:27:20] Collection uploaded_documents already exists, returning existing collection.
[32mINFO[0m:     [24-02-2025 19:27:20] ::1:51435 - "POST /api/v2/tenants/default_tenant/databases/default_database/collections HTTP/1.1" 200
[32mINFO[0m:     [24-02-2025 19:27:23] ::1:51435 - "GET /api/v2/pre-flight-checks HTTP/1.1" 200
[32mINFO[0m:     [24-02-2025 19:27:23] ::1:51435 - "POST /api/v2/tenants/default_tenant/databases/default_database/collections/be709486-791d-401d-86f4-7a91f6f1dd8f/upsert HTTP/1.1" 200
[32mINFO[0m:     [24-02-2025 19:29:41] ::1:51453 - "GET /api/v2/auth/identity HTTP/1.1" 200
[32mINFO[0m:     [24-02-2025 19:29:41] ::1:51454 - "GET /api/v2/tenants/default_tenant HTTP/1.1" 200
[32mINFO[0m:     [24-02-2025 19:29:41] ::1:51454 - "GET /api/v2/tenants/default_tenant/databases/default_database HTTP/1.1" 200
[32mINFO[0m:     [24-02-2025 19:29:47] ::1:51462 - "GET /api/v2/auth/identity HTTP/1.1" 200
[32mINFO[0m:     [24-02-2025 19:29:47] ::1:51464 - "GET /api/v2/tenants/default_tenant HTTP/1.1" 200
[32mINFO[0m:     [24-02-2025 19:29:47] ::1:51464 - "GET /api/v2/tenants/default_tenant/databases/default_database HTTP/1.1" 200
[36mDEBUG[0m:    [24-02-2025 19:30:37] Collection uploaded_documents already exists, returning existing collection.
[32mINFO[0m:     [24-02-2025 19:30:37] ::1:51478 - "POST /api/v2/tenants/default_tenant/databases/default_database/collections HTTP/1.1" 200
[32mINFO[0m:     [24-02-2025 19:30:38] ::1:51478 - "POST /api/v2/tenants/default_tenant/databases/default_database/collections/be709486-791d-401d-86f4-7a91f6f1dd8f/query HTTP/1.1" 200
[32mINFO[0m:     [24-02-2025 19:32:43] ::1:51506 - "GET /api/v2/auth/identity HTTP/1.1" 200
[32mINFO[0m:     [24-02-2025 19:32:43] ::1:51508 - "GET /api/v2/tenants/default_tenant HTTP/1.1" 200
[32mINFO[0m:     [24-02-2025 19:32:43] ::1:51508 - "GET /api/v2/tenants/default_tenant/databases/default_database HTTP/1.1" 200
[36mDEBUG[0m:    [24-02-2025 19:32:44] Collection uploaded_documents already exists, returning existing collection.
[32mINFO[0m:     [24-02-2025 19:32:44] ::1:51506 - "POST /api/v2/tenants/default_tenant/databases/default_database/collections HTTP/1.1" 200
[32mINFO[0m:     [24-02-2025 19:32:45] ::1:51506 - "POST /api/v2/tenants/default_tenant/databases/default_database/collections/be709486-791d-401d-86f4-7a91f6f1dd8f/query HTTP/1.1" 200
[32mINFO[0m:     [24-02-2025 19:33:30] ::1:51519 - "GET /api/v2/auth/identity HTTP/1.1" 200
[32mINFO[0m:     [24-02-2025 19:33:30] ::1:51520 - "GET /api/v2/tenants/default_tenant HTTP/1.1" 200
[32mINFO[0m:     [24-02-2025 19:33:30] ::1:51520 - "GET /api/v2/tenants/default_tenant/databases/default_database HTTP/1.1" 200
[32mINFO[0m:     [24-02-2025 19:33:35] ::1:51525 - "GET /api/v2/auth/identity HTTP/1.1" 200
[32mINFO[0m:     [24-02-2025 19:33:35] ::1:51526 - "GET /api/v2/tenants/default_tenant HTTP/1.1" 200
[32mINFO[0m:     [24-02-2025 19:33:35] ::1:51526 - "GET /api/v2/tenants/default_tenant/databases/default_database HTTP/1.1" 200
[32mINFO[0m:     [24-02-2025 19:33:46] ::1:51531 - "GET /api/v2/auth/identity HTTP/1.1" 200
[32mINFO[0m:     [24-02-2025 19:33:46] ::1:51532 - "GET /api/v2/tenants/default_tenant HTTP/1.1" 200
[32mINFO[0m:     [24-02-2025 19:33:46] ::1:51532 - "GET /api/v2/tenants/default_tenant/databases/default_database HTTP/1.1" 200
[32mINFO[0m:     [24-02-2025 19:34:21] ::1:51539 - "GET /api/v2/auth/identity HTTP/1.1" 200
[32mINFO[0m:     [24-02-2025 19:34:21] ::1:51540 - "GET /api/v2/tenants/default_tenant HTTP/1.1" 200
[32mINFO[0m:     [24-02-2025 19:34:21] ::1:51540 - "GET /api/v2/tenants/default_tenant/databases/default_database HTTP/1.1" 200
[32mINFO[0m:     [24-02-2025 19:35:03] ::1:51550 - "GET /api/v2/auth/identity HTTP/1.1" 200
[32mINFO[0m:     [24-02-2025 19:35:03] ::1:51551 - "GET /api/v2/tenants/default_tenant HTTP/1.1" 200
[32mINFO[0m:     [24-02-2025 19:35:03] ::1:51551 - "GET /api/v2/tenants/default_tenant/databases/default_database HTTP/1.1" 200
[36mDEBUG[0m:    [24-02-2025 19:36:07] Collection uploaded_documents already exists, returning existing collection.
[32mINFO[0m:     [24-02-2025 19:36:07] ::1:51561 - "POST /api/v2/tenants/default_tenant/databases/default_database/collections HTTP/1.1" 200
[32mINFO[0m:     [24-02-2025 19:36:08] ::1:51561 - "POST /api/v2/tenants/default_tenant/databases/default_database/collections/be709486-791d-401d-86f4-7a91f6f1dd8f/query HTTP/1.1" 200
[32mINFO[0m:     [24-02-2025 19:39:00] ::1:51580 - "GET /api/v2/auth/identity HTTP/1.1" 200
[32mINFO[0m:     [24-02-2025 19:39:00] ::1:51581 - "GET /api/v2/tenants/default_tenant HTTP/1.1" 200
[32mINFO[0m:     [24-02-2025 19:39:00] ::1:51581 - "GET /api/v2/tenants/default_tenant/databases/default_database HTTP/1.1" 200
[32mINFO[0m:     [24-02-2025 19:39:07] ::1:51586 - "GET /api/v2/auth/identity HTTP/1.1" 200
[32mINFO[0m:     [24-02-2025 19:39:07] ::1:51587 - "GET /api/v2/tenants/default_tenant HTTP/1.1" 200
[32mINFO[0m:     [24-02-2025 19:39:07] ::1:51587 - "GET /api/v2/tenants/default_tenant/databases/default_database HTTP/1.1" 200
[36mDEBUG[0m:    [24-02-2025 19:39:21] Collection uploaded_documents already exists, returning existing collection.
[32mINFO[0m:     [24-02-2025 19:39:21] ::1:51597 - "POST /api/v2/tenants/default_tenant/databases/default_database/collections HTTP/1.1" 200
[32mINFO[0m:     [24-02-2025 19:39:24] ::1:51597 - "GET /api/v2/pre-flight-checks HTTP/1.1" 200
[32mINFO[0m:     [24-02-2025 19:39:24] ::1:51597 - "POST /api/v2/tenants/default_tenant/databases/default_database/collections/be709486-791d-401d-86f4-7a91f6f1dd8f/upsert HTTP/1.1" 200
[32mINFO[0m:     [24-02-2025 19:39:37] ::1:51603 - "GET /api/v2/auth/identity HTTP/1.1" 200
[32mINFO[0m:     [24-02-2025 19:39:38] ::1:51604 - "GET /api/v2/tenants/default_tenant HTTP/1.1" 200
[32mINFO[0m:     [24-02-2025 19:39:38] ::1:51604 - "GET /api/v2/tenants/default_tenant/databases/default_database HTTP/1.1" 200
[36mDEBUG[0m:    [24-02-2025 19:39:45] Collection uploaded_documents already exists, returning existing collection.
[32mINFO[0m:     [24-02-2025 19:39:45] ::1:51613 - "POST /api/v2/tenants/default_tenant/databases/default_database/collections HTTP/1.1" 200
[32mINFO[0m:     [24-02-2025 19:39:46] ::1:51613 - "POST /api/v2/tenants/default_tenant/databases/default_database/collections/be709486-791d-401d-86f4-7a91f6f1dd8f/query HTTP/1.1" 200
[36mDEBUG[0m:    [24-02-2025 19:40:45] Collection uploaded_documents already exists, returning existing collection.
[32mINFO[0m:     [24-02-2025 19:40:45] ::1:51628 - "POST /api/v2/tenants/default_tenant/databases/default_database/collections HTTP/1.1" 200
[32mINFO[0m:     [24-02-2025 19:40:46] ::1:51628 - "POST /api/v2/tenants/default_tenant/databases/default_database/collections/be709486-791d-401d-86f4-7a91f6f1dd8f/query HTTP/1.1" 200
[32mINFO[0m:     [24-02-2025 20:39:21] ::1:53157 - "GET /api/v2/auth/identity HTTP/1.1" 200
[32mINFO[0m:     [24-02-2025 20:39:21] ::1:53158 - "GET /api/v2/tenants/default_tenant HTTP/1.1" 200
[32mINFO[0m:     [24-02-2025 20:39:21] ::1:53158 - "GET /api/v2/tenants/default_tenant/databases/default_database HTTP/1.1" 200
[32mINFO[0m:     [24-02-2025 21:04:47] ::1:53362 - "GET /api/v2/auth/identity HTTP/1.1" 200
[32mINFO[0m:     [24-02-2025 21:04:47] ::1:53363 - "GET /api/v2/tenants/default_tenant HTTP/1.1" 200
[32mINFO[0m:     [24-02-2025 21:04:47] ::1:53363 - "GET /api/v2/tenants/default_tenant/databases/default_database HTTP/1.1" 200
[36mDEBUG[0m:    [24-02-2025 21:04:53] Collection uploaded_documents already exists, returning existing collection.
[32mINFO[0m:     [24-02-2025 21:04:53] ::1:53374 - "POST /api/v2/tenants/default_tenant/databases/default_database/collections HTTP/1.1" 200
[32mINFO[0m:     [24-02-2025 21:04:54] ::1:53374 - "POST /api/v2/tenants/default_tenant/databases/default_database/collections/be709486-791d-401d-86f4-7a91f6f1dd8f/query HTTP/1.1" 200
[33mWARNING[0m:  [24-02-2025 21:13:27] chroma_server_nofile is not supported on Windows. chroma_server_nofile will not be set.
[32mINFO[0m:     [24-02-2025 21:13:27] Anonymized telemetry enabled. See                     https://docs.trychroma.com/telemetry for more information.
[36mDEBUG[0m:    [24-02-2025 21:13:27] Starting component System
[36mDEBUG[0m:    [24-02-2025 21:13:27] Starting component OpenTelemetryClient
[36mDEBUG[0m:    [24-02-2025 21:13:27] Starting component SqliteDB
[36mDEBUG[0m:    [24-02-2025 21:13:28] Starting component SimpleQuotaEnforcer
[36mDEBUG[0m:    [24-02-2025 21:13:28] Starting component Posthog
[36mDEBUG[0m:    [24-02-2025 21:13:28] Starting component SimpleRateLimitEnforcer
[36mDEBUG[0m:    [24-02-2025 21:13:28] Starting component LocalSegmentManager
[36mDEBUG[0m:    [24-02-2025 21:13:28] Starting component LocalExecutor
[36mDEBUG[0m:    [24-02-2025 21:13:28] Starting component SegmentAPI
[36mDEBUG[0m:    [24-02-2025 21:13:28] Starting component SimpleAsyncRateLimitEnforcer
[32mINFO[0m:     [24-02-2025 21:13:28] Started server process [[36m19404[0m]
[32mINFO[0m:     [24-02-2025 21:13:28] Waiting for application startup.
[32mINFO[0m:     [24-02-2025 21:13:28] Application startup complete.
[32mINFO[0m:     [24-02-2025 21:13:28] Uvicorn running on [1mhttp://localhost:8001[0m (Press CTRL+C to quit)
[32mINFO[0m:     [24-02-2025 21:13:36] ::1:53432 - "GET /api/v2/auth/identity HTTP/1.1" 200
[32mINFO[0m:     [24-02-2025 21:13:36] ::1:53433 - "GET /api/v2/tenants/default_tenant HTTP/1.1" 200
[32mINFO[0m:     [24-02-2025 21:13:36] ::1:53433 - "GET /api/v2/tenants/default_tenant/databases/default_database HTTP/1.1" 200
[32mINFO[0m:     [24-02-2025 21:14:08] ::1:53447 - "GET /api/v2/auth/identity HTTP/1.1" 200
[32mINFO[0m:     [24-02-2025 21:14:08] ::1:53448 - "GET /api/v2/tenants/default_tenant HTTP/1.1" 200
[32mINFO[0m:     [24-02-2025 21:14:08] ::1:53448 - "GET /api/v2/tenants/default_tenant/databases/default_database HTTP/1.1" 200
